Running on cguhpc2
SLURM job ID: 698
Allocated CPUs: 1
Output directory: results_698
Found POSCAR file: POSCAR
POSCAR file path: /home/pinyuan/CHGNET/400K/POSCAR
CHGNet v0.3.0 initialized with 412,525 parameters
CHGNet will run on cuda
CHGNet model is running on GPU.
CHGNet v0.3.0 initialized with 412,525 parameters
CHGNet will run on cuda
找到檔案: /home/pinyuan/CHGNET/400K/POSCAR/Na3PS4.poscar
Full Formula (Na6 P2 S8)
Reduced Formula: Na3PS4
abc   :   6.923691   6.923691   7.077141
angles:  90.000000  90.000000  90.000000
pbc   :       True       True       True
Sites (16)
  #  SP           a         b         c
---  ----  --------  --------  --------
  0  Na    0         0.5       0.419675
  1  Na    0.5       0         0.580325
  2  Na    0.5       0         0.080325
  3  Na    0         0.5       0.919675
  4  Na    0         0         0
  5  Na    0.5       0.5       0.5
  6  P     0         0         0.5
  7  P     0.5       0.5       0
  8  S     0.30981   0.348471  0.16588
  9  S     0.348471  0.69019   0.83412
 10  S     0.651528  0.30981   0.83412
 11  S     0.80981   0.151528  0.33412
 12  S     0.19019   0.848471  0.33412
 13  S     0.69019   0.651528  0.16588
 14  S     0.151528  0.19019   0.66588
 15  S     0.848471  0.80981   0.66588
unrelax magmom
 {'m': array([0.00541219, 0.00541227, 0.0054121 , 0.00541221, 0.0045639 ,
       0.00456399, 0.00152719, 0.00152707, 0.01238605, 0.01238607,
       0.01238617, 0.01238613, 0.0123861 , 0.01238611, 0.0123861 ,
       0.01238617], dtype=float32), 's': array([[-1.1523303e+00, -4.2876331e-06, -1.5469586e-06],
       [-4.4094409e-06, -1.1522875e+00,  1.9075096e-05],
       [-1.6434977e-06,  1.8974928e-05, -9.7405314e-01]], dtype=float32), 'f': array([[-7.8974699e-07,  1.4523612e-06, -3.3933468e-02],
       [ 3.7010759e-06,  4.3872278e-06,  3.3940464e-02],
       [-9.2724804e-07, -1.2370292e-06,  3.3945724e-02],
       [ 7.7251589e-06, -1.1927318e-05, -3.3940576e-02],
       [ 1.2008240e-07,  2.2694876e-06, -2.2457680e-06],
       [-5.5637793e-07, -1.7583370e-06,  2.2762106e-06],
       [ 1.7171260e-07, -3.4931581e-06, -3.3114338e-07],
       [-3.8611470e-06,  6.6344073e-06,  1.3866811e-06],
       [-1.4135149e-01, -6.0549535e-02,  9.4145864e-02],
       [-6.0544804e-02,  1.4135584e-01, -9.4142742e-02],
       [ 6.0544297e-02, -1.4135954e-01, -9.4146438e-02],
       [-1.4135942e-01,  6.0546722e-02, -9.4153196e-02],
       [ 1.4135984e-01, -6.0537476e-02, -9.4152100e-02],
       [ 1.4135247e-01,  6.0540609e-02,  9.4145857e-02],
       [ 6.0541403e-02,  1.4136098e-01,  9.4148837e-02],
       [-6.0547844e-02, -1.4135395e-01,  9.4140708e-02]], dtype=float32), 'e': array(-4.368304, dtype=float32)}
CHGNet-predicted energy (eV/atom):
-4.3683037757873535

CHGNet-predicted forces (eV/A):
[[-7.8974699e-07  1.4523612e-06 -3.3933468e-02]
 [ 3.7010759e-06  4.3872278e-06  3.3940464e-02]
 [-9.2724804e-07 -1.2370292e-06  3.3945724e-02]
 [ 7.7251589e-06 -1.1927318e-05 -3.3940576e-02]
 [ 1.2008240e-07  2.2694876e-06 -2.2457680e-06]
 [-5.5637793e-07 -1.7583370e-06  2.2762106e-06]
 [ 1.7171260e-07 -3.4931581e-06 -3.3114338e-07]
 [-3.8611470e-06  6.6344073e-06  1.3866811e-06]
 [-1.4135149e-01 -6.0549535e-02  9.4145864e-02]
 [-6.0544804e-02  1.4135584e-01 -9.4142742e-02]
 [ 6.0544297e-02 -1.4135954e-01 -9.4146438e-02]
 [-1.4135942e-01  6.0546722e-02 -9.4153196e-02]
 [ 1.4135984e-01 -6.0537476e-02 -9.4152100e-02]
 [ 1.4135247e-01  6.0540609e-02  9.4145857e-02]
 [ 6.0541403e-02  1.4136098e-01  9.4148837e-02]
 [-6.0547844e-02 -1.4135395e-01  9.4140708e-02]]

CHGNet-predicted stress (GPa):
[[-1.1523303e+00 -4.2876331e-06 -1.5469586e-06]
 [-4.4094409e-06 -1.1522875e+00  1.9075096e-05]
 [-1.6434977e-06  1.8974928e-05 -9.7405314e-01]]

CHGNet-predicted magmom (mu_B):
[0.00541219 0.00541227 0.0054121  0.00541221 0.0045639  0.00456399
 0.00152719 0.00152707 0.01238605 0.01238607 0.01238617 0.01238613
 0.0123861  0.01238611 0.0123861  0.01238617]

CHGNet will run on cuda
      Step     Time          Energy          fmax
FIRE:    0 05:34:08      -69.892860        0.180312
FIRE:    1 05:34:08      -69.895309        0.150685
FIRE:    2 05:34:08      -69.898636        0.095897
FIRE:    3 05:34:08      -69.900848        0.040448
Fire relaxation completed. Structure saved to relaxed_POSCAR.
Na48 P16 S64
CHGNet will run on cuda
NVT-Berendsen-MD created
MD simulation completed in 3742.20 seconds.
