Running on cguhpc2
SLURM job ID: 700
Allocated CPUs: 1
Output directory: results_700
Found POSCAR file: POSCAR
POSCAR file path: /home/pinyuan/CHGNET/600K/POSCAR
CHGNet v0.3.0 initialized with 412,525 parameters
CHGNet will run on cuda
CHGNet model is running on GPU.
CHGNet v0.3.0 initialized with 412,525 parameters
CHGNet will run on cuda
找到檔案: /home/pinyuan/CHGNET/600K/POSCAR/Na3PS4.poscar
Full Formula (Na6 P2 S8)
Reduced Formula: Na3PS4
abc   :   6.923691   6.923691   7.077141
angles:  90.000000  90.000000  90.000000
pbc   :       True       True       True
Sites (16)
  #  SP           a         b         c
---  ----  --------  --------  --------
  0  Na    0         0.5       0.419675
  1  Na    0.5       0         0.580325
  2  Na    0.5       0         0.080325
  3  Na    0         0.5       0.919675
  4  Na    0         0         0
  5  Na    0.5       0.5       0.5
  6  P     0         0         0.5
  7  P     0.5       0.5       0
  8  S     0.30981   0.348471  0.16588
  9  S     0.348471  0.69019   0.83412
 10  S     0.651528  0.30981   0.83412
 11  S     0.80981   0.151528  0.33412
 12  S     0.19019   0.848471  0.33412
 13  S     0.69019   0.651528  0.16588
 14  S     0.151528  0.19019   0.66588
 15  S     0.848471  0.80981   0.66588
unrelax magmom
 {'f': array([[-4.3003620e-06,  2.9921175e-06, -3.3935908e-02],
       [ 7.0306705e-06,  1.1644443e-05,  3.3946533e-02],
       [ 6.2918989e-06,  1.6369740e-06,  3.3939537e-02],
       [-1.6984741e-06,  6.5328441e-06, -3.3942785e-02],
       [ 3.3091055e-08,  1.9086583e-06, -2.8311333e-06],
       [-1.3704994e-07, -1.9049330e-06,  1.8543506e-06],
       [-3.5308767e-07, -4.0333252e-06, -2.2118911e-09],
       [-3.2912940e-06,  6.4426131e-06,  2.6105990e-06],
       [-1.4135127e-01, -6.0549289e-02,  9.4145745e-02],
       [-6.0544990e-02,  1.4135608e-01, -9.4142318e-02],
       [ 6.0541108e-02, -1.4136602e-01, -9.4153330e-02],
       [-1.4135933e-01,  6.0547180e-02, -9.4153032e-02],
       [ 1.4135292e-01, -6.0541015e-02, -9.4146460e-02],
       [ 1.4135581e-01,  6.0538359e-02,  9.4148465e-02],
       [ 6.0544919e-02,  1.4135456e-01,  9.4141923e-02],
       [-6.0542762e-02, -1.4136508e-01,  9.4149970e-02]], dtype=float32), 's': array([[-1.1523216e+00, -3.1913635e-06,  7.1135737e-06],
       [-3.1426405e-06, -1.1522677e+00,  2.1438166e-06],
       [ 7.1965278e-06,  2.1197386e-06, -9.7403783e-01]], dtype=float32), 'e': array(-4.368304, dtype=float32), 'm': array([0.00541207, 0.00541237, 0.005412  , 0.00541231, 0.00456399,
       0.00456391, 0.00152743, 0.00152707, 0.01238599, 0.01238619,
       0.01238608, 0.01238616, 0.01238607, 0.01238602, 0.01238599,
       0.01238611], dtype=float32)}
CHGNet-predicted energy (eV/atom):
-4.3683037757873535

CHGNet-predicted forces (eV/A):
[[-4.3003620e-06  2.9921175e-06 -3.3935908e-02]
 [ 7.0306705e-06  1.1644443e-05  3.3946533e-02]
 [ 6.2918989e-06  1.6369740e-06  3.3939537e-02]
 [-1.6984741e-06  6.5328441e-06 -3.3942785e-02]
 [ 3.3091055e-08  1.9086583e-06 -2.8311333e-06]
 [-1.3704994e-07 -1.9049330e-06  1.8543506e-06]
 [-3.5308767e-07 -4.0333252e-06 -2.2118911e-09]
 [-3.2912940e-06  6.4426131e-06  2.6105990e-06]
 [-1.4135127e-01 -6.0549289e-02  9.4145745e-02]
 [-6.0544990e-02  1.4135608e-01 -9.4142318e-02]
 [ 6.0541108e-02 -1.4136602e-01 -9.4153330e-02]
 [-1.4135933e-01  6.0547180e-02 -9.4153032e-02]
 [ 1.4135292e-01 -6.0541015e-02 -9.4146460e-02]
 [ 1.4135581e-01  6.0538359e-02  9.4148465e-02]
 [ 6.0544919e-02  1.4135456e-01  9.4141923e-02]
 [-6.0542762e-02 -1.4136508e-01  9.4149970e-02]]

CHGNet-predicted stress (GPa):
[[-1.1523216e+00 -3.1913635e-06  7.1135737e-06]
 [-3.1426405e-06 -1.1522677e+00  2.1438166e-06]
 [ 7.1965278e-06  2.1197386e-06 -9.7403783e-01]]

CHGNet-predicted magmom (mu_B):
[0.00541207 0.00541237 0.005412   0.00541231 0.00456399 0.00456391
 0.00152743 0.00152707 0.01238599 0.01238619 0.01238608 0.01238616
 0.01238607 0.01238602 0.01238599 0.01238611]

CHGNet will run on cuda
      Step     Time          Energy          fmax
FIRE:    0 05:53:53      -69.892860        0.180315
FIRE:    1 05:53:53      -69.895309        0.150684
FIRE:    2 05:53:53      -69.898636        0.095898
FIRE:    3 05:53:53      -69.900841        0.040439
Fire relaxation completed. Structure saved to relaxed_POSCAR.
Na48 P16 S64
CHGNet will run on cuda
NVT-Berendsen-MD created
MD simulation completed in 3634.70 seconds.
