Running on cguhpc2
SLURM job ID: 659
Allocated CPUs: 1
Found POSCAR file: POSCAR
POSCAR file path: /home/pinyuan/CHGNET/600K/POSCAR
CHGNet v0.3.0 initialized with 412,525 parameters
CHGNet will run on cuda
CHGNet model is running on CPU.
CHGNet v0.3.0 initialized with 412,525 parameters
CHGNet will run on cuda
找到檔案: /home/pinyuan/CHGNET/600K/POSCAR/Na3PS4.poscar
Full Formula (Na6 P2 S8)
Reduced Formula: Na3PS4
abc   :   6.923691   6.923691   7.077141
angles:  90.000000  90.000000  90.000000
pbc   :       True       True       True
Sites (16)
  #  SP           a         b         c
---  ----  --------  --------  --------
  0  Na    0         0.5       0.419675
  1  Na    0.5       0         0.580325
  2  Na    0.5       0         0.080325
  3  Na    0         0.5       0.919675
  4  Na    0         0         0
  5  Na    0.5       0.5       0.5
  6  P     0         0         0.5
  7  P     0.5       0.5       0
  8  S     0.30981   0.348471  0.16588
  9  S     0.348471  0.69019   0.83412
 10  S     0.651528  0.30981   0.83412
 11  S     0.80981   0.151528  0.33412
 12  S     0.19019   0.848471  0.33412
 13  S     0.69019   0.651528  0.16588
 14  S     0.151528  0.19019   0.66588
 15  S     0.848471  0.80981   0.66588
unrelax magmom
 {'s': array([[-1.1523008e+00, -1.4373315e-06,  3.1670018e-07],
       [-1.2668007e-06, -1.1522657e+00,  9.4279203e-06],
       [ 3.2371926e-07,  9.5279283e-06, -9.7402418e-01]], dtype=float32), 'f': array([[-5.77614628e-07,  8.52498488e-07, -3.39457579e-02],
       [ 1.59797492e-06,  5.04893251e-07,  3.39372680e-02],
       [-4.41377051e-06, -3.24728899e-06,  3.39361131e-02],
       [ 1.27677595e-07,  2.95820928e-06, -3.39461118e-02],
       [-5.29980753e-08,  1.91593426e-06, -2.00272189e-06],
       [-1.00786565e-07, -1.88473496e-06,  2.70636519e-06],
       [-1.13621354e-07, -3.72307841e-06, -2.86323484e-07],
       [-3.66952736e-06,  6.20077481e-06,  1.48946128e-06],
       [-1.41358823e-01, -6.05460331e-02,  9.41512287e-02],
       [-6.05453402e-02,  1.41356245e-01, -9.41421613e-02],
       [ 6.05461039e-02, -1.41355515e-01, -9.41431969e-02],
       [-1.41351566e-01,  6.05505556e-02, -9.41470563e-02],
       [ 1.41356215e-01, -6.05389476e-02, -9.41489413e-02],
       [ 1.41360238e-01,  6.05369769e-02,  9.41518024e-02],
       [ 6.05431683e-02,  1.41357243e-01,  9.41447392e-02],
       [-6.05428442e-02, -1.41364112e-01,  9.41501334e-02]], dtype=float32), 'm': array([0.00541207, 0.00541231, 0.00541216, 0.00541225, 0.00456406,
       0.00456391, 0.00152731, 0.00152689, 0.01238599, 0.0123861 ,
       0.01238607, 0.01238617, 0.01238607, 0.01238607, 0.01238611,
       0.01238614], dtype=float32), 'e': array(-4.368304, dtype=float32)}
CHGNet-predicted energy (eV/atom):
-4.3683037757873535

CHGNet-predicted forces (eV/A):
[[-5.77614628e-07  8.52498488e-07 -3.39457579e-02]
 [ 1.59797492e-06  5.04893251e-07  3.39372680e-02]
 [-4.41377051e-06 -3.24728899e-06  3.39361131e-02]
 [ 1.27677595e-07  2.95820928e-06 -3.39461118e-02]
 [-5.29980753e-08  1.91593426e-06 -2.00272189e-06]
 [-1.00786565e-07 -1.88473496e-06  2.70636519e-06]
 [-1.13621354e-07 -3.72307841e-06 -2.86323484e-07]
 [-3.66952736e-06  6.20077481e-06  1.48946128e-06]
 [-1.41358823e-01 -6.05460331e-02  9.41512287e-02]
 [-6.05453402e-02  1.41356245e-01 -9.41421613e-02]
 [ 6.05461039e-02 -1.41355515e-01 -9.41431969e-02]
 [-1.41351566e-01  6.05505556e-02 -9.41470563e-02]
 [ 1.41356215e-01 -6.05389476e-02 -9.41489413e-02]
 [ 1.41360238e-01  6.05369769e-02  9.41518024e-02]
 [ 6.05431683e-02  1.41357243e-01  9.41447392e-02]
 [-6.05428442e-02 -1.41364112e-01  9.41501334e-02]]

CHGNet-predicted stress (GPa):
[[-1.1523008e+00 -1.4373315e-06  3.1670018e-07]
 [-1.2668007e-06 -1.1522657e+00  9.4279203e-06]
 [ 3.2371926e-07  9.5279283e-06 -9.7402418e-01]]

CHGNet-predicted magmom (mu_B):
[0.00541207 0.00541231 0.00541216 0.00541225 0.00456406 0.00456391
 0.00152731 0.00152689 0.01238599 0.0123861  0.01238607 0.01238617
 0.01238607 0.01238607 0.01238611 0.01238614]

CHGNet will run on cuda
      Step     Time          Energy          fmax
FIRE:    0 16:15:46      -69.892860        0.180314
FIRE:    1 16:15:46      -69.895309        0.150690
FIRE:    2 16:15:46      -69.898636        0.095895
FIRE:    3 16:15:46      -69.900841        0.040447
