Running on cguhpc2
SLURM job ID: 660
Allocated CPUs: 1
Found POSCAR file: POSCAR
POSCAR file path: /home/pinyuan/CHGNET/500K/POSCAR
CHGNet v0.3.0 initialized with 412,525 parameters
CHGNet will run on cuda
CHGNet model is running on CPU.
CHGNet v0.3.0 initialized with 412,525 parameters
CHGNet will run on cuda
找到檔案: /home/pinyuan/CHGNET/500K/POSCAR/Na3PS4.poscar
Full Formula (Na6 P2 S8)
Reduced Formula: Na3PS4
abc   :   6.923691   6.923691   7.077141
angles:  90.000000  90.000000  90.000000
pbc   :       True       True       True
Sites (16)
  #  SP           a         b         c
---  ----  --------  --------  --------
  0  Na    0         0.5       0.419675
  1  Na    0.5       0         0.580325
  2  Na    0.5       0         0.080325
  3  Na    0         0.5       0.919675
  4  Na    0         0         0
  5  Na    0.5       0.5       0.5
  6  P     0         0         0.5
  7  P     0.5       0.5       0
  8  S     0.30981   0.348471  0.16588
  9  S     0.348471  0.69019   0.83412
 10  S     0.651528  0.30981   0.83412
 11  S     0.80981   0.151528  0.33412
 12  S     0.19019   0.848471  0.33412
 13  S     0.69019   0.651528  0.16588
 14  S     0.151528  0.19019   0.66588
 15  S     0.848471  0.80981   0.66588
unrelax magmom
 {'f': array([[ 6.6676057e-06, -2.2019194e-06, -3.3939190e-02],
       [ 3.2702228e-06,  4.0521845e-06,  3.3940274e-02],
       [-8.6030923e-07, -1.6273116e-06,  3.3940032e-02],
       [ 3.9883525e-07,  3.1292413e-06, -3.3939987e-02],
       [ 2.5902409e-08,  2.0242296e-06, -2.4096225e-06],
       [-1.3364479e-07, -2.0520529e-06,  2.1742890e-06],
       [ 3.2386743e-07, -3.6433339e-06, -4.8356014e-07],
       [-3.3569522e-06,  6.6585053e-06,  2.0942098e-06],
       [-1.4135896e-01, -6.0545679e-02,  9.4151601e-02],
       [-6.0545616e-02,  1.4135575e-01, -9.4142072e-02],
       [ 6.0544122e-02, -1.4135885e-01, -9.4147123e-02],
       [-1.4135548e-01,  6.0548320e-02, -9.4149962e-02],
       [ 1.4135636e-01, -6.0538996e-02, -9.4148666e-02],
       [ 1.4135237e-01,  6.0540382e-02,  9.4145544e-02],
       [ 6.0545191e-02,  1.4135394e-01,  9.4141647e-02],
       [-6.0544349e-02, -1.4136119e-01,  9.4146542e-02]], dtype=float32), 's': array([[-1.1523081e+00,  6.8212347e-07, -1.9976474e-06],
       [ 6.5776192e-07, -1.1522703e+00,  9.0990397e-06],
       [-1.8925125e-06,  9.1730835e-06, -9.7403085e-01]], dtype=float32), 'e': array(-4.368304, dtype=float32), 'm': array([0.00541231, 0.00541231, 0.0054121 , 0.00541237, 0.00456396,
       0.00456378, 0.00152707, 0.00152701, 0.0123861 , 0.01238623,
       0.01238613, 0.0123861 , 0.0123861 , 0.01238613, 0.01238605,
       0.01238616], dtype=float32)}
CHGNet-predicted energy (eV/atom):
-4.3683037757873535

CHGNet-predicted forces (eV/A):
[[ 6.6676057e-06 -2.2019194e-06 -3.3939190e-02]
 [ 3.2702228e-06  4.0521845e-06  3.3940274e-02]
 [-8.6030923e-07 -1.6273116e-06  3.3940032e-02]
 [ 3.9883525e-07  3.1292413e-06 -3.3939987e-02]
 [ 2.5902409e-08  2.0242296e-06 -2.4096225e-06]
 [-1.3364479e-07 -2.0520529e-06  2.1742890e-06]
 [ 3.2386743e-07 -3.6433339e-06 -4.8356014e-07]
 [-3.3569522e-06  6.6585053e-06  2.0942098e-06]
 [-1.4135896e-01 -6.0545679e-02  9.4151601e-02]
 [-6.0545616e-02  1.4135575e-01 -9.4142072e-02]
 [ 6.0544122e-02 -1.4135885e-01 -9.4147123e-02]
 [-1.4135548e-01  6.0548320e-02 -9.4149962e-02]
 [ 1.4135636e-01 -6.0538996e-02 -9.4148666e-02]
 [ 1.4135237e-01  6.0540382e-02  9.4145544e-02]
 [ 6.0545191e-02  1.4135394e-01  9.4141647e-02]
 [-6.0544349e-02 -1.4136119e-01  9.4146542e-02]]

CHGNet-predicted stress (GPa):
[[-1.1523081e+00  6.8212347e-07 -1.9976474e-06]
 [ 6.5776192e-07 -1.1522703e+00  9.0990397e-06]
 [-1.8925125e-06  9.1730835e-06 -9.7403085e-01]]

CHGNet-predicted magmom (mu_B):
[0.00541231 0.00541231 0.0054121  0.00541237 0.00456396 0.00456378
 0.00152707 0.00152701 0.0123861  0.01238623 0.01238613 0.0123861
 0.0123861  0.01238613 0.01238605 0.01238616]

CHGNet will run on cuda
      Step     Time          Energy          fmax
FIRE:    0 18:24:07      -69.892860        0.180310
FIRE:    1 18:24:07      -69.895302        0.150682
FIRE:    2 18:24:07      -69.898628        0.095892
FIRE:    3 18:24:07      -69.900841        0.040446
Fire relaxation completed. Structure saved to relaxed_POSCAR.
Na48 P16 S64
CHGNet will run on cuda
NVT-Berendsen-MD created
MD simulation completed in 3154.92 seconds.
