Running on cguhpc2
SLURM job ID: 706
Allocated CPUs: 1
Output directory: results_706
Found POSCAR file: POSCAR
POSCAR file path: /home/pinyuan/CHGNET/500K/POSCAR
CHGNet v0.3.0 initialized with 412,525 parameters
CHGNet will run on cuda
CHGNet model is running on GPU.
CHGNet v0.3.0 initialized with 412,525 parameters
CHGNet will run on cuda
找到檔案: /home/pinyuan/CHGNET/500K/POSCAR/Na3PS4.poscar
Full Formula (Na6 P2 S8)
Reduced Formula: Na3PS4
abc   :   6.923691   6.923691   7.077141
angles:  90.000000  90.000000  90.000000
pbc   :       True       True       True
Sites (16)
  #  SP           a         b         c
---  ----  --------  --------  --------
  0  Na    0         0.5       0.419675
  1  Na    0.5       0         0.580325
  2  Na    0.5       0         0.080325
  3  Na    0         0.5       0.919675
  4  Na    0         0         0
  5  Na    0.5       0.5       0.5
  6  P     0         0         0.5
  7  P     0.5       0.5       0
  8  S     0.30981   0.348471  0.16588
  9  S     0.348471  0.69019   0.83412
 10  S     0.651528  0.30981   0.83412
 11  S     0.80981   0.151528  0.33412
 12  S     0.19019   0.848471  0.33412
 13  S     0.69019   0.651528  0.16588
 14  S     0.151528  0.19019   0.66588
 15  S     0.848471  0.80981   0.66588
unrelax magmom
 {'f': array([[ 1.02553240e-05, -3.89114939e-06, -3.39362137e-02],
       [ 1.54570444e-06,  6.38188794e-07,  3.39429528e-02],
       [-4.47512139e-06, -3.26946611e-06,  3.39365304e-02],
       [ 2.24002497e-06, -8.56661472e-07, -3.39497216e-02],
       [ 4.11819201e-08,  1.79483322e-06, -2.29835859e-06],
       [-4.87139914e-07, -1.84917008e-06,  2.61023524e-06],
       [-1.11642294e-07, -3.96952964e-06, -2.68002623e-07],
       [-3.46440356e-06,  5.71021519e-06,  1.71651482e-06],
       [-1.41358390e-01, -6.05463088e-02,  9.41519961e-02],
       [-6.05433844e-02,  1.41359806e-01, -9.41459984e-02],
       [ 6.05442785e-02, -1.41359210e-01, -9.41464752e-02],
       [-1.41352504e-01,  6.05505742e-02, -9.41469371e-02],
       [ 1.41356528e-01, -6.05389252e-02, -9.41491723e-02],
       [ 1.41348630e-01,  6.05432019e-02,  9.41432640e-02],
       [ 6.05419092e-02,  1.41361415e-01,  9.41481590e-02],
       [-6.05426095e-02, -1.41364858e-01,  9.41498727e-02]], dtype=float32), 'm': array([0.00541216, 0.00541243, 0.00541215, 0.00541246, 0.00456397,
       0.00456397, 0.00152731, 0.00152707, 0.01238611, 0.0123862 ,
       0.01238614, 0.01238607, 0.01238611, 0.01238607, 0.01238614,
       0.01238613], dtype=float32), 'e': array(-4.368304, dtype=float32), 's': array([[-1.1523031e+00,  5.3595414e-07, -4.4338026e-06],
       [ 4.6286951e-07, -1.1522657e+00, -5.0306608e-06],
       [-4.4573653e-06, -5.2075225e-06, -9.7402585e-01]], dtype=float32)}
CHGNet-predicted energy (eV/atom):
-4.3683037757873535

CHGNet-predicted forces (eV/A):
[[ 1.02553240e-05 -3.89114939e-06 -3.39362137e-02]
 [ 1.54570444e-06  6.38188794e-07  3.39429528e-02]
 [-4.47512139e-06 -3.26946611e-06  3.39365304e-02]
 [ 2.24002497e-06 -8.56661472e-07 -3.39497216e-02]
 [ 4.11819201e-08  1.79483322e-06 -2.29835859e-06]
 [-4.87139914e-07 -1.84917008e-06  2.61023524e-06]
 [-1.11642294e-07 -3.96952964e-06 -2.68002623e-07]
 [-3.46440356e-06  5.71021519e-06  1.71651482e-06]
 [-1.41358390e-01 -6.05463088e-02  9.41519961e-02]
 [-6.05433844e-02  1.41359806e-01 -9.41459984e-02]
 [ 6.05442785e-02 -1.41359210e-01 -9.41464752e-02]
 [-1.41352504e-01  6.05505742e-02 -9.41469371e-02]
 [ 1.41356528e-01 -6.05389252e-02 -9.41491723e-02]
 [ 1.41348630e-01  6.05432019e-02  9.41432640e-02]
 [ 6.05419092e-02  1.41361415e-01  9.41481590e-02]
 [-6.05426095e-02 -1.41364858e-01  9.41498727e-02]]

CHGNet-predicted stress (GPa):
[[-1.1523031e+00  5.3595414e-07 -4.4338026e-06]
 [ 4.6286951e-07 -1.1522657e+00 -5.0306608e-06]
 [-4.4573653e-06 -5.2075225e-06 -9.7402585e-01]]

CHGNet-predicted magmom (mu_B):
[0.00541216 0.00541243 0.00541215 0.00541246 0.00456397 0.00456397
 0.00152731 0.00152707 0.01238611 0.0123862  0.01238614 0.01238607
 0.01238611 0.01238607 0.01238614 0.01238613]

CHGNet will run on cuda
      Step     Time          Energy          fmax
FIRE:    0 15:08:34      -69.892860        0.180313
FIRE:    1 15:08:34      -69.895302        0.150679
FIRE:    2 15:08:34      -69.898628        0.095897
FIRE:    3 15:08:34      -69.900841        0.040445
Fire relaxation completed. Structure saved to results_706/relaxed_fire_POSCAR.
Na48 P16 S64
CHGNet will run on cuda
NVT-Berendsen-MD created
MD simulation completed in 3528.72 seconds.

All output files have been saved to: results_706
